
[][][][][][][][][][][][][][][][][][][][][][][][][][][][][][]
[]
[]                  PROGRAM TESTE: Cal
[]----------------------------------------------------------
[]   SOURCE FILE: Cal
[]
[]   TOTAL MUTANTS: 4855
[]
[]   ANOMALOUS MUTANTS: 0
[]
[]   ACTIVE MUTANTS: 4855
[]
[]   ALIVE MUTANTS: 3
[]
[]   EQUIVALENT MUTANTS: 0
[]
[]   MUTATION SCORE: 0.999382
[]
[]   OPERATORS:
[]   u-Cccr           1026    u-CCDL             50    u-Ccsr            734    
[]   u-CRCR            310    u-OAAA             41    u-OAAN            125    
[]   u-OABA             30    u-OABN             90    u-OAEA             10    
[]   u-OALN             68    u-OARN            204    u-OASA             20    
[]   u-OASN             60    u-OCNG             20    u-OEAA            135    
[]   u-OEBA             81    u-OESA             54    u-Oido             15    
[]   u-OIPM              2    u-OLAN             20    u-OLBN             12    
[]   u-OLLN              4    u-OLNG             12    u-OLRN             24    
[]   u-OLSN              8    u-OODL            134    u-ORAN            110    
[]   u-ORBN             66    u-ORLN             44    u-ORRN            110    
[]   u-ORSN             44    u-SBRC              1    u-SMTC              8    
[]   u-SMTT              8    u-SMVB              1    u-SRSR            100    
[]   u-SSDL            101    u-SSWM              3    u-STRI             24    
[]   u-STRP            102    u-SWDD              2    u-VDTR            186    
[]   u-VGAR             52    u-VLAR              4    u-VLPR             18    
[]   u-VLSR            391    u-VSCR             18    u-VTWD            124    
[]   u-VVDL             49    
[]
[][][][][][][][][][][][][][][][][][][][][][][][][][][][][][]

Teste Case # 1
	Number of Not Executed Mutants: 0
	Number of Alive Mutants: 10
	Number of Mutants Dead by Stdout: 4468
	Number of Mutants Dead by Retcode : 249
	Number of Mutants Dead by Timeout: 4
	Number of Mutants Dead by Trap: 124
	Number of Mutants Avoided: 0
	Number of Dead Mutants: 4845
	Enabled
	CPU Execution Time (1/100 sec.): 10
	Total Execution Time (1/100 sec.): 11
	Retorn Code: 1
	Parameters: 
	Input:

	Output:

	Stderr:

_________________________________________________


Teste Case # 2
	Number of Not Executed Mutants: 4845
	Number of Alive Mutants: 5
	Number of Mutants Dead by Stdout: 5
	Number of Mutants Dead by Retcode : 0
	Number of Mutants Dead by Timeout: 0
	Number of Mutants Dead by Trap: 0
	Number of Mutants Avoided: 0
	Number of Dead Mutants: 5
	Enabled
	CPU Execution Time (1/100 sec.): 10
	Total Execution Time (1/100 sec.): 11
	Retorn Code: 1
	Parameters: 8 1963 
	Input:

	Output:

	Stderr:

_________________________________________________


Teste Case # 3
	Number of Not Executed Mutants: 4850
	Number of Alive Mutants: 3
	Number of Mutants Dead by Stdout: 2
	Number of Mutants Dead by Retcode : 0
	Number of Mutants Dead by Timeout: 0
	Number of Mutants Dead by Trap: 0
	Number of Mutants Avoided: 0
	Number of Dead Mutants: 2
	Enabled
	CPU Execution Time (1/100 sec.): 10
	Total Execution Time (1/100 sec.): 10
	Retorn Code: 1
	Parameters: 1963 
	Input:

	Output:

	Stderr:

_________________________________________________
